{"contracts\\Escrow.sol":{"l":{"28":3,"31":3,"39":2,"43":2,"46":2,"55":3,"57":3,"59":2,"60":2,"61":1,"64":1,"65":1,"73":4},"path":"D:\\00WebDevProject\\EscrowSmartContract\\contracts\\Escrow.sol","s":{"1":3,"2":3,"3":2,"4":2,"5":2,"6":3,"7":3,"8":2,"9":2,"10":1,"11":1,"12":1,"13":1,"14":4},"b":{"1":[2,1],"2":[2,0],"3":[1,1],"4":[1,0],"5":[1,0]},"f":{"1":3,"2":2,"3":3,"4":4},"fnMap":{"1":{"name":"constructor","line":26,"loc":{"start":{"line":26,"column":4},"end":{"line":33,"column":4}}},"2":{"name":"DepositeFor","line":37,"loc":{"start":{"line":37,"column":4},"end":{"line":48,"column":4}}},"3":{"name":"Withdraw","line":53,"loc":{"start":{"line":53,"column":4},"end":{"line":68,"column":4}}},"4":{"name":"getBalance","line":72,"loc":{"start":{"line":72,"column":4},"end":{"line":74,"column":4}}}},"statementMap":{"1":{"start":{"line":28,"column":8},"end":{"line":28,"column":35}},"2":{"start":{"line":31,"column":8},"end":{"line":31,"column":36}},"3":{"start":{"line":39,"column":8},"end":{"line":39,"column":37}},"4":{"start":{"line":43,"column":8},"end":{"line":43,"column":37}},"5":{"start":{"line":46,"column":8},"end":{"line":46,"column":44}},"6":{"start":{"line":55,"column":8},"end":{"line":55,"column":56}},"7":{"start":{"line":57,"column":8},"end":{"line":57,"column":1252}},"8":{"start":{"line":59,"column":12},"end":{"line":59,"column":67}},"9":{"start":{"line":60,"column":12},"end":{"line":60,"column":83}},"10":{"start":{"line":61,"column":12},"end":{"line":61,"column":62}},"11":{"start":{"line":62,"column":15},"end":{"line":62,"column":1560}},"12":{"start":{"line":64,"column":12},"end":{"line":64,"column":93}},"13":{"start":{"line":65,"column":12},"end":{"line":65,"column":68}},"14":{"start":{"line":73,"column":8},"end":{"line":73,"column":36}}},"branchMap":{"1":{"line":57,"type":"if","locations":[{"start":{"line":57,"column":8},"end":{"line":57,"column":8}},{"start":{"line":57,"column":8},"end":{"line":57,"column":8}}]},"2":{"line":59,"type":"if","locations":[{"start":{"line":59,"column":12},"end":{"line":59,"column":12}},{"start":{"line":59,"column":12},"end":{"line":59,"column":12}}]},"3":{"line":60,"type":"if","locations":[{"start":{"line":60,"column":12},"end":{"line":60,"column":12}},{"start":{"line":60,"column":12},"end":{"line":60,"column":12}}]},"4":{"line":62,"type":"if","locations":[{"start":{"line":62,"column":15},"end":{"line":62,"column":15}},{"start":{"line":62,"column":15},"end":{"line":62,"column":15}}]},"5":{"line":64,"type":"if","locations":[{"start":{"line":64,"column":12},"end":{"line":64,"column":12}},{"start":{"line":64,"column":12},"end":{"line":64,"column":12}}]}}}}